<?xml version="1.0" encoding="UTF-8"?>
<robot generator="Robot 3.2rc2 (Python 3.9.0 on win32)" generated="20210608 12:39:09.731" rpa="false">
<suite id="s1" name="Test Connection" source="D:\Project\robot\ROBFW-85\robotframework-qconnect-dlt\atest\test_connection.robot">
<test id="s1-t1" name="Test DLT Connection">
<kw name="Catenate" library="BuiltIn">
<doc>Catenates the given items together and returns the resulted string.</doc>
<arguments>
<arg>{\n</arg>
<arg>"gen3flex@DLTConnector": {\n</arg>
<arg>"target_ip": "127.0.0.1",\n</arg>
<arg>"target_port": 3490,\n</arg>
<arg>"mode": 0,\n</arg>
<arg>"ecu": "ECU1",\n</arg>
<arg>"com_port": "COM1",\n</arg>
<arg>"baudrate": 115200,\n</arg>
<arg>"server_ip": "localhost",\n</arg>
<arg>"server_port": 1234\n</arg>
<arg>}\n</arg>
<arg>}\n</arg>
</arguments>
<assign>
<var>${config_string}</var>
</assign>
<msg timestamp="20210608 12:39:10.400" level="INFO">${config_string} = {
 "gen3flex@DLTConnector": {
 "target_ip": "127.0.0.1",
 "target_port": 3490,
 "mode": 0,
 "ecu": "ECU1",
 "com_port": "COM1",
 "baudrate": 115200,
 "server_ip": "localhost",
 "server_port": 1234
 }
...</msg>
<status status="PASS" starttime="20210608 12:39:10.400" endtime="20210608 12:39:10.400"></status>
</kw>
<kw name="Log To Console" library="BuiltIn">
<doc>Logs the given message to the console.</doc>
<arguments>
<arg>\nConnecting with configurations:\n${config_string}</arg>
</arguments>
<status status="PASS" starttime="20210608 12:39:10.400" endtime="20210608 12:39:10.401"></status>
</kw>
<kw name="Evaluate" library="BuiltIn">
<doc>Evaluates the given expression in Python and returns the result.</doc>
<arguments>
<arg>json.loads('''${config_string}''')</arg>
<arg>json</arg>
</arguments>
<assign>
<var>${config}</var>
</assign>
<msg timestamp="20210608 12:39:10.401" level="INFO">${config} = {'gen3flex@DLTConnector': {'target_ip': '127.0.0.1', 'target_port': 3490, 'mode': 0, 'ecu': 'ECU1', 'com_port': 'COM1', 'baudrate': 115200, 'server_ip': 'localhost', 'server_port': 1234}}</msg>
<status status="PASS" starttime="20210608 12:39:10.401" endtime="20210608 12:39:10.401"></status>
</kw>
<kw name="Connect" library="QConnectionLibrary.ConnectionManager">
<doc>Keyword for making a connection.
Args:
   *args:   Non-Keyword Arguments.
   **kwargs:   Keyword Arguments.</doc>
<arguments>
<arg>conn_name=${CONNECTION_NAME}</arg>
<arg>conn_type=DLT</arg>
<arg>conn_mode=dltconnector</arg>
<arg>conn_conf=${config}</arg>
</arguments>
<msg timestamp="20210608 12:39:12.977" level="INFO">DLTClient.__init__(): Creating socket for 'localhost':'1234'</msg>
<msg timestamp="20210608 12:39:12.978" level="INFO">DLTClient._init_thread_receiver(): starting receiver thread 'DLTConnector1'</msg>
<msg timestamp="20210608 12:39:13.247" level="INFO">DLTClient.connect(): Try to connect to 'localhost':'1234'</msg>
<msg timestamp="20210608 12:39:13.253" level="INFO">DLTClient.connect(): connected to 'localhost':'1234' </msg>
<status status="PASS" starttime="20210608 12:39:10.401" endtime="20210608 12:39:29.838"></status>
</kw>
<kw name="Verify" library="QConnectionLibrary.ConnectionManager">
<doc>Keyword uses to verify a pattern from connection response after sending a command.
Args:
   *args:   Non-Keyword Arguments.
   **kwargs:   Keyword Arguments.</doc>
<arguments>
<arg>conn_name=${CONNECTION_NAME}</arg>
<arg>search_pattern=get connection</arg>
<arg>send_cmd=TR_TEST_CONNECTION</arg>
</arguments>
<assign>
<var>${res}</var>
</assign>
<msg timestamp="20210608 12:39:30.380" level="INFO">${res} = &lt;re.Match object; span=(6, 20), match='get connection'&gt;</msg>
<status status="PASS" starttime="20210608 12:39:29.838" endtime="20210608 12:39:30.380"></status>
</kw>
<kw name="Log To Console" library="BuiltIn">
<doc>Logs the given message to the console.</doc>
<arguments>
<arg>${res}[0]</arg>
</arguments>
<status status="PASS" starttime="20210608 12:39:30.380" endtime="20210608 12:39:30.381"></status>
</kw>
<kw name="Disconnect" library="QConnectionLibrary.ConnectionManager">
<doc>Keyword for disconnecting a connection by name.
Args:
   connection_name: Name of connection.</doc>
<arguments>
<arg>${CONNECTION_NAME}</arg>
</arguments>
<msg timestamp="20210608 12:39:30.381" level="INFO">DLTClient.quit()</msg>
<msg timestamp="20210608 12:39:30.579" level="INFO">kill: 'b'SUCCESS: The process "DLTConnector.exe" with PID 30100 has been terminated.\r\n''</msg>
<msg timestamp="20210608 12:39:30.579" level="INFO">DLTClient.__del__()</msg>
<msg timestamp="20210608 12:39:30.579" level="INFO">DLTClient.quit()</msg>
<msg timestamp="20210608 12:39:30.741" level="INFO">kill: 'b'ERROR: The process "DLTConnector.exe" not found.\r\n' Most likely DLTConnector.exe was already shut down.'</msg>
<status status="PASS" starttime="20210608 12:39:30.381" endtime="20210608 12:39:30.741"></status>
</kw>
<status status="PASS" starttime="20210608 12:39:10.399" endtime="20210608 12:39:30.741" critical="yes"></status>
</test>
<kw name="Close Connection" type="teardown">
<kw name="Disconnect" library="QConnectionLibrary.ConnectionManager">
<doc>Keyword for disconnecting a connection by name.
Args:
   connection_name: Name of connection.</doc>
<arguments>
<arg>${CONNECTION_NAME}</arg>
</arguments>
<status status="PASS" starttime="20210608 12:39:30.742" endtime="20210608 12:39:30.742"></status>
</kw>
<status status="PASS" starttime="20210608 12:39:30.741" endtime="20210608 12:39:30.742"></status>
</kw>
<doc>Suite description</doc>
<status status="PASS" starttime="20210608 12:39:09.736" endtime="20210608 12:39:30.742"></status>
</suite>
<statistics>
<total>
<stat pass="1" fail="0" unknown="0">Critical Tests</stat>
<stat pass="1" fail="0" unknown="0">All Tests</stat>
</total>
<tag>
</tag>
<suite>
<stat pass="1" fail="0" unknown="0" id="s1" name="Test Connection">Test Connection</stat>
</suite>
</statistics>
<errors>
</errors>
</robot>
